<?xml version="1.0" encoding="UTF-8"?>
<coverage generated="1776754561578" clover="3.2.0">
  <project timestamp="1776754561578" name="All files">
    <metrics statements="102" coveredstatements="86" conditionals="67" coveredconditionals="55" methods="27" coveredmethods="19" elements="196" coveredelements="160" complexity="0" loc="102" ncloc="102" packages="3" files="4" classes="4"/>
    <package name="src">
      <metrics statements="28" coveredstatements="14" conditionals="11" coveredconditionals="3" methods="8" coveredmethods="0"/>
      <file name="index.js" path="/home/runner/work/MOP3/MOP3/src/index.js">
        <metrics statements="16" coveredstatements="11" conditionals="4" coveredconditionals="3" methods="3" coveredmethods="0"/>
        <line num="1" count="1" type="stmt"/>
        <line num="2" count="1" type="stmt"/>
        <line num="3" count="1" type="stmt"/>
        <line num="5" count="1" type="stmt"/>
        <line num="6" count="1" type="cond" truecount="2" falsecount="0"/>
        <line num="8" count="1" type="stmt"/>
        <line num="10" count="1" type="stmt"/>
        <line num="12" count="1" type="stmt"/>
        <line num="13" count="0" type="stmt"/>
        <line num="17" count="1" type="stmt"/>
        <line num="18" count="0" type="stmt"/>
        <line num="19" count="0" type="stmt"/>
        <line num="30" count="1" type="cond" truecount="1" falsecount="1"/>
        <line num="31" count="0" type="stmt"/>
        <line num="32" count="0" type="stmt"/>
        <line num="36" count="1" type="stmt"/>
      </file>
      <file name="logger.js" path="/home/runner/work/MOP3/MOP3/src/logger.js">
        <metrics statements="12" coveredstatements="3" conditionals="7" coveredconditionals="0" methods="5" coveredmethods="0"/>
        <line num="7" count="1" type="stmt"/>
        <line num="17" count="0" type="cond" truecount="0" falsecount="2"/>
        <line num="21" count="0" type="stmt"/>
        <line num="22" count="0" type="cond" truecount="0" falsecount="2"/>
        <line num="23" count="0" type="stmt"/>
        <line num="25" count="0" type="stmt"/>
        <line num="29" count="1" type="stmt"/>
        <line num="31" count="0" type="stmt"/>
        <line num="33" count="0" type="stmt"/>
        <line num="35" count="0" type="stmt"/>
        <line num="37" count="0" type="stmt"/>
        <line num="40" count="1" type="stmt"/>
      </file>
    </package>
    <package name="src.data">
      <metrics statements="20" coveredstatements="20" conditionals="6" coveredconditionals="6" methods="11" coveredmethods="11"/>
      <file name="orderStore.js" path="/home/runner/work/MOP3/MOP3/src/data/orderStore.js">
        <metrics statements="20" coveredstatements="20" conditionals="6" coveredconditionals="6" methods="11" coveredmethods="11"/>
        <line num="7" count="1" type="stmt"/>
        <line num="9" count="1" type="stmt"/>
        <line num="39" count="1" type="stmt"/>
        <line num="41" count="3" type="stmt"/>
        <line num="45" count="7" type="cond" truecount="2" falsecount="0"/>
        <line num="49" count="1" type="stmt"/>
        <line num="50" count="1" type="stmt"/>
        <line num="58" count="1" type="stmt"/>
        <line num="59" count="1" type="stmt"/>
        <line num="63" count="5" type="stmt"/>
        <line num="64" count="2" type="cond" truecount="2" falsecount="0"/>
        <line num="65" count="1" type="stmt"/>
        <line num="66" count="1" type="stmt"/>
        <line num="67" count="1" type="stmt"/>
        <line num="71" count="4" type="stmt"/>
        <line num="72" count="2" type="cond" truecount="2" falsecount="0"/>
        <line num="73" count="1" type="stmt"/>
        <line num="74" count="1" type="stmt"/>
        <line num="83" count="90" type="stmt"/>
        <line num="84" count="90" type="stmt"/>
      </file>
    </package>
    <package name="src.routes">
      <metrics statements="54" coveredstatements="52" conditionals="50" coveredconditionals="46" methods="8" coveredmethods="8"/>
      <file name="orders.js" path="/home/runner/work/MOP3/MOP3/src/routes/orders.js">
        <metrics statements="54" coveredstatements="52" conditionals="50" coveredconditionals="46" methods="8" coveredmethods="8"/>
        <line num="1" count="1" type="stmt"/>
        <line num="2" count="1" type="stmt"/>
        <line num="3" count="1" type="stmt"/>
        <line num="6" count="1" type="stmt"/>
        <line num="18" count="23" type="stmt"/>
        <line num="29" count="17" type="stmt"/>
        <line num="30" count="17" type="cond" truecount="4" falsecount="0"/>
        <line num="31" count="7" type="stmt"/>
        <line num="39" count="10" type="stmt"/>
        <line num="47" count="1" type="stmt"/>
        <line num="48" count="3" type="stmt"/>
        <line num="50" count="3" type="cond" truecount="2" falsecount="0"/>
        <line num="51" count="6" type="stmt"/>
        <line num="54" count="3" type="stmt"/>
        <line num="62" count="1" type="stmt"/>
        <line num="63" count="3" type="stmt"/>
        <line num="65" count="3" type="cond" truecount="2" falsecount="0"/>
        <line num="66" count="2" type="stmt"/>
        <line num="75" count="1" type="stmt"/>
        <line num="84" count="1" type="stmt"/>
        <line num="85" count="10" type="cond" truecount="1" falsecount="1"/>
        <line num="87" count="10" type="cond" truecount="5" falsecount="0"/>
        <line num="88" count="3" type="stmt"/>
        <line num="97" count="7" type="cond" truecount="5" falsecount="0"/>
        <line num="98" count="2" type="stmt"/>
        <line num="107" count="5" type="stmt"/>
        <line num="108" count="5" type="stmt"/>
        <line num="109" count="5" type="cond" truecount="3" falsecount="1"/>
        <line num="110" count="0" type="stmt"/>
        <line num="118" count="5" type="cond" truecount="4" falsecount="0"/>
        <line num="119" count="1" type="stmt"/>
        <line num="127" count="4" type="cond" truecount="3" falsecount="1"/>
        <line num="128" count="0" type="stmt"/>
        <line num="136" count="4" type="cond" truecount="4" falsecount="0"/>
        <line num="137" count="1" type="stmt"/>
        <line num="145" count="3" type="cond" truecount="4" falsecount="0"/>
        <line num="146" count="2" type="stmt"/>
        <line num="156" count="1" type="stmt"/>
        <line num="157" count="1" type="stmt"/>
        <line num="166" count="1" type="stmt"/>
        <line num="167" count="5" type="cond" truecount="1" falsecount="1"/>
        <line num="168" count="5" type="stmt"/>
        <line num="170" count="5" type="cond" truecount="4" falsecount="0"/>
        <line num="171" count="3" type="stmt"/>
        <line num="180" count="2" type="stmt"/>
        <line num="182" count="2" type="cond" truecount="2" falsecount="0"/>
        <line num="183" count="1" type="stmt"/>
        <line num="192" count="1" type="stmt"/>
        <line num="200" count="1" type="stmt"/>
        <line num="201" count="2" type="stmt"/>
        <line num="203" count="2" type="cond" truecount="2" falsecount="0"/>
        <line num="204" count="1" type="stmt"/>
        <line num="213" count="1" type="stmt"/>
        <line num="216" count="1" type="stmt"/>
      </file>
    </package>
  </project>
</coverage>
