{"/home/runner/work/MOP3/MOP3/src/index.js": {"path":"/home/runner/work/MOP3/MOP3/src/index.js","statementMap":{"0":{"start":{"line":1,"column":16},"end":{"line":1,"column":34}},"1":{"start":{"line":2,"column":20},"end":{"line":2,"column":46}},"2":{"start":{"line":3,"column":19},"end":{"line":3,"column":38}},"3":{"start":{"line":5,"column":12},"end":{"line":5,"column":21}},"4":{"start":{"line":6,"column":13},"end":{"line":6,"column":37}},"5":{"start":{"line":8,"column":0},"end":{"line":8,"column":24}},"6":{"start":{"line":10,"column":0},"end":{"line":10,"column":36}},"7":{"start":{"line":12,"column":0},"end":{"line":14,"column":3}},"8":{"start":{"line":13,"column":2},"end":{"line":13,"column":66}},"9":{"start":{"line":17,"column":0},"end":{"line":28,"column":3}},"10":{"start":{"line":18,"column":2},"end":{"line":18,"column":121}},"11":{"start":{"line":19,"column":2},"end":{"line":27,"column":7}},"12":{"start":{"line":30,"column":0},"end":{"line":34,"column":1}},"13":{"start":{"line":31,"column":2},"end":{"line":33,"column":5}},"14":{"start":{"line":32,"column":4},"end":{"line":32,"column":58}},"15":{"start":{"line":36,"column":0},"end":{"line":36,"column":21}}},"fnMap":{"0":{"name":"(anonymous_0)","decl":{"start":{"line":12,"column":19},"end":{"line":12,"column":20}},"loc":{"start":{"line":12,"column":33},"end":{"line":14,"column":1}},"line":12},"1":{"name":"(anonymous_1)","decl":{"start":{"line":17,"column":8},"end":{"line":17,"column":9}},"loc":{"start":{"line":17,"column":33},"end":{"line":28,"column":1}},"line":17},"2":{"name":"(anonymous_2)","decl":{"start":{"line":31,"column":19},"end":{"line":31,"column":20}},"loc":{"start":{"line":31,"column":25},"end":{"line":33,"column":3}},"line":31}},"branchMap":{"0":{"loc":{"start":{"line":6,"column":13},"end":{"line":6,"column":37}},"type":"binary-expr","locations":[{"start":{"line":6,"column":13},"end":{"line":6,"column":29}},{"start":{"line":6,"column":33},"end":{"line":6,"column":37}}],"line":6},"1":{"loc":{"start":{"line":30,"column":0},"end":{"line":34,"column":1}},"type":"if","locations":[{"start":{"line":30,"column":0},"end":{"line":34,"column":1}},{"start":{},"end":{}}],"line":30}},"s":{"0":1,"1":1,"2":1,"3":1,"4":1,"5":1,"6":1,"7":1,"8":0,"9":1,"10":0,"11":0,"12":1,"13":0,"14":0,"15":1},"f":{"0":0,"1":0,"2":0},"b":{"0":[1,1],"1":[0,1]},"_coverageSchema":"1a1c01bbd47fc00a2c39e90264f33305004495a9","hash":"ffe1b33ec2821496b9736aae8750ede383f5708c"}
,"/home/runner/work/MOP3/MOP3/src/logger.js": {"path":"/home/runner/work/MOP3/MOP3/src/logger.js","statementMap":{"0":{"start":{"line":7,"column":15},"end":{"line":7,"column":59}},"1":{"start":{"line":17,"column":4},"end":{"line":19,"column":96}},"2":{"start":{"line":21,"column":15},"end":{"line":21,"column":36}},"3":{"start":{"line":22,"column":2},"end":{"line":26,"column":3}},"4":{"start":{"line":23,"column":4},"end":{"line":23,"column":38}},"5":{"start":{"line":25,"column":4},"end":{"line":25,"column":38}},"6":{"start":{"line":29,"column":15},"end":{"line":38,"column":1}},"7":{"start":{"line":31,"column":29},"end":{"line":31,"column":57}},"8":{"start":{"line":33,"column":28},"end":{"line":33,"column":55}},"9":{"start":{"line":35,"column":28},"end":{"line":35,"column":55}},"10":{"start":{"line":37,"column":29},"end":{"line":37,"column":57}},"11":{"start":{"line":40,"column":0},"end":{"line":40,"column":28}}},"fnMap":{"0":{"name":"log","decl":{"start":{"line":15,"column":9},"end":{"line":15,"column":12}},"loc":{"start":{"line":15,"column":36},"end":{"line":27,"column":1}},"line":15},"1":{"name":"(anonymous_1)","decl":{"start":{"line":31,"column":9},"end":{"line":31,"column":10}},"loc":{"start":{"line":31,"column":29},"end":{"line":31,"column":57}},"line":31},"2":{"name":"(anonymous_2)","decl":{"start":{"line":33,"column":8},"end":{"line":33,"column":9}},"loc":{"start":{"line":33,"column":28},"end":{"line":33,"column":55}},"line":33},"3":{"name":"(anonymous_3)","decl":{"start":{"line":35,"column":8},"end":{"line":35,"column":9}},"loc":{"start":{"line":35,"column":28},"end":{"line":35,"column":55}},"line":35},"4":{"name":"(anonymous_4)","decl":{"start":{"line":37,"column":9},"end":{"line":37,"column":10}},"loc":{"start":{"line":37,"column":29},"end":{"line":37,"column":57}},"line":37}},"branchMap":{"0":{"loc":{"start":{"line":17,"column":4},"end":{"line":19,"column":96}},"type":"cond-expr","locations":[{"start":{"line":18,"column":8},"end":{"line":18,"column":65}},{"start":{"line":19,"column":8},"end":{"line":19,"column":96}}],"line":17},"1":{"loc":{"start":{"line":19,"column":68},"end":{"line":19,"column":94}},"type":"binary-expr","locations":[{"start":{"line":19,"column":68},"end":{"line":19,"column":71}},{"start":{"line":19,"column":75},"end":{"line":19,"column":88}},{"start":{"line":19,"column":92},"end":{"line":19,"column":94}}],"line":19},"2":{"loc":{"start":{"line":22,"column":2},"end":{"line":26,"column":3}},"type":"if","locations":[{"start":{"line":22,"column":2},"end":{"line":26,"column":3}},{"start":{"line":24,"column":9},"end":{"line":26,"column":3}}],"line":22}},"s":{"0":1,"1":0,"2":0,"3":0,"4":0,"5":0,"6":1,"7":0,"8":0,"9":0,"10":0,"11":1},"f":{"0":0,"1":0,"2":0,"3":0,"4":0},"b":{"0":[0,0],"1":[0,0,0],"2":[0,0]},"_coverageSchema":"1a1c01bbd47fc00a2c39e90264f33305004495a9","hash":"24938f7566bde13331bd7375b8183571cb9572c3"}
,"/home/runner/work/MOP3/MOP3/src/data/orderStore.js": {"path":"/home/runner/work/MOP3/MOP3/src/data/orderStore.js","statementMap":{"0":{"start":{"line":7,"column":13},"end":{"line":7,"column":14}},"1":{"start":{"line":9,"column":13},"end":{"line":37,"column":1}},"2":{"start":{"line":39,"column":0},"end":{"line":86,"column":2}},"3":{"start":{"line":41,"column":4},"end":{"line":41,"column":23}},"4":{"start":{"line":45,"column":4},"end":{"line":45,"column":51}},"5":{"start":{"line":45,"column":30},"end":{"line":45,"column":41}},"6":{"start":{"line":49,"column":16},"end":{"line":49,"column":40}},"7":{"start":{"line":50,"column":18},"end":{"line":57,"column":5}},"8":{"start":{"line":58,"column":4},"end":{"line":58,"column":23}},"9":{"start":{"line":59,"column":4},"end":{"line":59,"column":17}},"10":{"start":{"line":63,"column":18},"end":{"line":63,"column":49}},"11":{"start":{"line":63,"column":37},"end":{"line":63,"column":48}},"12":{"start":{"line":64,"column":4},"end":{"line":64,"column":28}},"13":{"start":{"line":64,"column":16},"end":{"line":64,"column":28}},"14":{"start":{"line":65,"column":4},"end":{"line":65,"column":26}},"15":{"start":{"line":66,"column":4},"end":{"line":66,"column":47}},"16":{"start":{"line":67,"column":4},"end":{"line":67,"column":17}},"17":{"start":{"line":71,"column":18},"end":{"line":71,"column":54}},"18":{"start":{"line":71,"column":42},"end":{"line":71,"column":53}},"19":{"start":{"line":72,"column":4},"end":{"line":72,"column":35}},"20":{"start":{"line":72,"column":22},"end":{"line":72,"column":35}},"21":{"start":{"line":73,"column":4},"end":{"line":73,"column":28}},"22":{"start":{"line":74,"column":4},"end":{"line":74,"column":16}},"23":{"start":{"line":83,"column":4},"end":{"line":83,"column":41}},"24":{"start":{"line":83,"column":30},"end":{"line":83,"column":38}},"25":{"start":{"line":84,"column":4},"end":{"line":84,"column":55}},"26":{"start":{"line":84,"column":41},"end":{"line":84,"column":45}}},"fnMap":{"0":{"name":"(anonymous_0)","decl":{"start":{"line":40,"column":2},"end":{"line":40,"column":3}},"loc":{"start":{"line":40,"column":11},"end":{"line":42,"column":3}},"line":40},"1":{"name":"(anonymous_1)","decl":{"start":{"line":44,"column":2},"end":{"line":44,"column":3}},"loc":{"start":{"line":44,"column":15},"end":{"line":46,"column":3}},"line":44},"2":{"name":"(anonymous_2)","decl":{"start":{"line":45,"column":23},"end":{"line":45,"column":24}},"loc":{"start":{"line":45,"column":30},"end":{"line":45,"column":41}},"line":45},"3":{"name":"(anonymous_3)","decl":{"start":{"line":48,"column":2},"end":{"line":48,"column":3}},"loc":{"start":{"line":48,"column":35},"end":{"line":60,"column":3}},"line":48},"4":{"name":"(anonymous_4)","decl":{"start":{"line":62,"column":2},"end":{"line":62,"column":3}},"loc":{"start":{"line":62,"column":27},"end":{"line":68,"column":3}},"line":62},"5":{"name":"(anonymous_5)","decl":{"start":{"line":63,"column":30},"end":{"line":63,"column":31}},"loc":{"start":{"line":63,"column":37},"end":{"line":63,"column":48}},"line":63},"6":{"name":"(anonymous_6)","decl":{"start":{"line":70,"column":2},"end":{"line":70,"column":3}},"loc":{"start":{"line":70,"column":13},"end":{"line":75,"column":3}},"line":70},"7":{"name":"(anonymous_7)","decl":{"start":{"line":71,"column":35},"end":{"line":71,"column":36}},"loc":{"start":{"line":71,"column":42},"end":{"line":71,"column":53}},"line":71},"8":{"name":"(anonymous_8)","decl":{"start":{"line":82,"column":2},"end":{"line":82,"column":3}},"loc":{"start":{"line":82,"column":15},"end":{"line":85,"column":3}},"line":82},"9":{"name":"(anonymous_9)","decl":{"start":{"line":83,"column":22},"end":{"line":83,"column":23}},"loc":{"start":{"line":83,"column":30},"end":{"line":83,"column":38}},"line":83},"10":{"name":"(anonymous_10)","decl":{"start":{"line":84,"column":34},"end":{"line":84,"column":35}},"loc":{"start":{"line":84,"column":41},"end":{"line":84,"column":45}},"line":84}},"branchMap":{"0":{"loc":{"start":{"line":45,"column":11},"end":{"line":45,"column":50}},"type":"binary-expr","locations":[{"start":{"line":45,"column":11},"end":{"line":45,"column":42}},{"start":{"line":45,"column":46},"end":{"line":45,"column":50}}],"line":45},"1":{"loc":{"start":{"line":64,"column":4},"end":{"line":64,"column":28}},"type":"if","locations":[{"start":{"line":64,"column":4},"end":{"line":64,"column":28}},{"start":{},"end":{}}],"line":64},"2":{"loc":{"start":{"line":72,"column":4},"end":{"line":72,"column":35}},"type":"if","locations":[{"start":{"line":72,"column":4},"end":{"line":72,"column":35}},{"start":{},"end":{}}],"line":72}},"s":{"0":1,"1":1,"2":1,"3":3,"4":3,"5":7,"6":1,"7":1,"8":1,"9":1,"10":2,"11":5,"12":2,"13":1,"14":1,"15":1,"16":1,"17":2,"18":4,"19":2,"20":1,"21":1,"22":1,"23":30,"24":90,"25":30,"26":90},"f":{"0":3,"1":3,"2":7,"3":1,"4":2,"5":5,"6":2,"7":4,"8":30,"9":90,"10":90},"b":{"0":[3,2],"1":[1,1],"2":[1,1]},"_coverageSchema":"1a1c01bbd47fc00a2c39e90264f33305004495a9","hash":"1f1ac3e823c5bc8204cc976f43f99acb95f8e388"}
,"/home/runner/work/MOP3/MOP3/src/routes/orders.js": {"path":"/home/runner/work/MOP3/MOP3/src/routes/orders.js","statementMap":{"0":{"start":{"line":1,"column":16},"end":{"line":1,"column":34}},"1":{"start":{"line":2,"column":15},"end":{"line":2,"column":31}},"2":{"start":{"line":3,"column":11},"end":{"line":3,"column":40}},"3":{"start":{"line":6,"column":17},"end":{"line":6,"column":45}},"4":{"start":{"line":18,"column":2},"end":{"line":21,"column":55}},"5":{"start":{"line":29,"column":13},"end":{"line":29,"column":26}},"6":{"start":{"line":30,"column":2},"end":{"line":38,"column":3}},"7":{"start":{"line":31,"column":4},"end":{"line":37,"column":6}},"8":{"start":{"line":39,"column":2},"end":{"line":39,"column":9}},"9":{"start":{"line":47,"column":0},"end":{"line":55,"column":3}},"10":{"start":{"line":48,"column":15},"end":{"line":48,"column":26}},"11":{"start":{"line":50,"column":2},"end":{"line":52,"column":3}},"12":{"start":{"line":51,"column":4},"end":{"line":51,"column":65}},"13":{"start":{"line":51,"column":34},"end":{"line":51,"column":63}},"14":{"start":{"line":54,"column":2},"end":{"line":54,"column":51}},"15":{"start":{"line":62,"column":0},"end":{"line":76,"column":3}},"16":{"start":{"line":63,"column":16},"end":{"line":63,"column":56}},"17":{"start":{"line":65,"column":2},"end":{"line":73,"column":3}},"18":{"start":{"line":66,"column":4},"end":{"line":72,"column":6}},"19":{"start":{"line":75,"column":2},"end":{"line":75,"column":28}},"20":{"start":{"line":84,"column":0},"end":{"line":158,"column":3}},"21":{"start":{"line":85,"column":35},"end":{"line":85,"column":49}},"22":{"start":{"line":87,"column":2},"end":{"line":95,"column":3}},"23":{"start":{"line":88,"column":4},"end":{"line":94,"column":6}},"24":{"start":{"line":97,"column":2},"end":{"line":105,"column":3}},"25":{"start":{"line":98,"column":4},"end":{"line":104,"column":6}},"26":{"start":{"line":107,"column":2},"end":{"line":154,"column":3}},"27":{"start":{"line":107,"column":15},"end":{"line":107,"column":16}},"28":{"start":{"line":108,"column":17},"end":{"line":108,"column":25}},"29":{"start":{"line":109,"column":4},"end":{"line":117,"column":5}},"30":{"start":{"line":110,"column":6},"end":{"line":116,"column":8}},"31":{"start":{"line":118,"column":4},"end":{"line":126,"column":5}},"32":{"start":{"line":119,"column":6},"end":{"line":125,"column":8}},"33":{"start":{"line":127,"column":4},"end":{"line":135,"column":5}},"34":{"start":{"line":128,"column":6},"end":{"line":134,"column":8}},"35":{"start":{"line":136,"column":4},"end":{"line":144,"column":5}},"36":{"start":{"line":137,"column":6},"end":{"line":143,"column":8}},"37":{"start":{"line":145,"column":4},"end":{"line":153,"column":5}},"38":{"start":{"line":146,"column":6},"end":{"line":152,"column":8}},"39":{"start":{"line":156,"column":16},"end":{"line":156,"column":51}},"40":{"start":{"line":157,"column":2},"end":{"line":157,"column":40}},"41":{"start":{"line":166,"column":0},"end":{"line":193,"column":3}},"42":{"start":{"line":167,"column":21},"end":{"line":167,"column":35}},"43":{"start":{"line":168,"column":24},"end":{"line":168,"column":86}},"44":{"start":{"line":170,"column":2},"end":{"line":178,"column":3}},"45":{"start":{"line":171,"column":4},"end":{"line":177,"column":6}},"46":{"start":{"line":180,"column":16},"end":{"line":180,"column":68}},"47":{"start":{"line":182,"column":2},"end":{"line":190,"column":3}},"48":{"start":{"line":183,"column":4},"end":{"line":189,"column":6}},"49":{"start":{"line":192,"column":2},"end":{"line":192,"column":28}},"50":{"start":{"line":200,"column":0},"end":{"line":214,"column":3}},"51":{"start":{"line":201,"column":18},"end":{"line":201,"column":56}},"52":{"start":{"line":203,"column":2},"end":{"line":211,"column":3}},"53":{"start":{"line":204,"column":4},"end":{"line":210,"column":6}},"54":{"start":{"line":213,"column":2},"end":{"line":213,"column":25}},"55":{"start":{"line":216,"column":0},"end":{"line":216,"column":24}}},"fnMap":{"0":{"name":"problemResponse","decl":{"start":{"line":17,"column":9},"end":{"line":17,"column":24}},"loc":{"start":{"line":17,"column":63},"end":{"line":22,"column":1}},"line":17},"1":{"name":"validateId","decl":{"start":{"line":28,"column":9},"end":{"line":28,"column":19}},"loc":{"start":{"line":28,"column":36},"end":{"line":40,"column":1}},"line":28},"2":{"name":"(anonymous_2)","decl":{"start":{"line":47,"column":16},"end":{"line":47,"column":17}},"loc":{"start":{"line":47,"column":30},"end":{"line":55,"column":1}},"line":47},"3":{"name":"(anonymous_3)","decl":{"start":{"line":51,"column":27},"end":{"line":51,"column":28}},"loc":{"start":{"line":51,"column":34},"end":{"line":51,"column":63}},"line":51},"4":{"name":"(anonymous_4)","decl":{"start":{"line":62,"column":31},"end":{"line":62,"column":32}},"loc":{"start":{"line":62,"column":45},"end":{"line":76,"column":1}},"line":62},"5":{"name":"(anonymous_5)","decl":{"start":{"line":84,"column":17},"end":{"line":84,"column":18}},"loc":{"start":{"line":84,"column":31},"end":{"line":158,"column":1}},"line":84},"6":{"name":"(anonymous_6)","decl":{"start":{"line":166,"column":40},"end":{"line":166,"column":41}},"loc":{"start":{"line":166,"column":54},"end":{"line":193,"column":1}},"line":166},"7":{"name":"(anonymous_7)","decl":{"start":{"line":200,"column":34},"end":{"line":200,"column":35}},"loc":{"start":{"line":200,"column":48},"end":{"line":214,"column":1}},"line":200}},"branchMap":{"0":{"loc":{"start":{"line":30,"column":2},"end":{"line":38,"column":3}},"type":"if","locations":[{"start":{"line":30,"column":2},"end":{"line":38,"column":3}},{"start":{},"end":{}}],"line":30},"1":{"loc":{"start":{"line":30,"column":6},"end":{"line":30,"column":47}},"type":"binary-expr","locations":[{"start":{"line":30,"column":6},"end":{"line":30,"column":23}},{"start":{"line":30,"column":27},"end":{"line":30,"column":47}}],"line":30},"2":{"loc":{"start":{"line":50,"column":2},"end":{"line":52,"column":3}},"type":"if","locations":[{"start":{"line":50,"column":2},"end":{"line":52,"column":3}},{"start":{},"end":{}}],"line":50},"3":{"loc":{"start":{"line":65,"column":2},"end":{"line":73,"column":3}},"type":"if","locations":[{"start":{"line":65,"column":2},"end":{"line":73,"column":3}},{"start":{},"end":{}}],"line":65},"4":{"loc":{"start":{"line":85,"column":35},"end":{"line":85,"column":49}},"type":"binary-expr","locations":[{"start":{"line":85,"column":35},"end":{"line":85,"column":43}},{"start":{"line":85,"column":47},"end":{"line":85,"column":49}}],"line":85},"5":{"loc":{"start":{"line":87,"column":2},"end":{"line":95,"column":3}},"type":"if","locations":[{"start":{"line":87,"column":2},"end":{"line":95,"column":3}},{"start":{},"end":{}}],"line":87},"6":{"loc":{"start":{"line":87,"column":6},"end":{"line":87,"column":90}},"type":"binary-expr","locations":[{"start":{"line":87,"column":6},"end":{"line":87,"column":20}},{"start":{"line":87,"column":24},"end":{"line":87,"column":57}},{"start":{"line":87,"column":61},"end":{"line":87,"column":90}}],"line":87},"7":{"loc":{"start":{"line":97,"column":2},"end":{"line":105,"column":3}},"type":"if","locations":[{"start":{"line":97,"column":2},"end":{"line":105,"column":3}},{"start":{},"end":{}}],"line":97},"8":{"loc":{"start":{"line":97,"column":6},"end":{"line":97,"column":59}},"type":"binary-expr","locations":[{"start":{"line":97,"column":6},"end":{"line":97,"column":12}},{"start":{"line":97,"column":16},"end":{"line":97,"column":37}},{"start":{"line":97,"column":41},"end":{"line":97,"column":59}}],"line":97},"9":{"loc":{"start":{"line":109,"column":4},"end":{"line":117,"column":5}},"type":"if","locations":[{"start":{"line":109,"column":4},"end":{"line":117,"column":5}},{"start":{},"end":{}}],"line":109},"10":{"loc":{"start":{"line":109,"column":8},"end":{"line":109,"column":41}},"type":"binary-expr","locations":[{"start":{"line":109,"column":8},"end":{"line":109,"column":13}},{"start":{"line":109,"column":17},"end":{"line":109,"column":41}}],"line":109},"11":{"loc":{"start":{"line":118,"column":4},"end":{"line":126,"column":5}},"type":"if","locations":[{"start":{"line":118,"column":4},"end":{"line":126,"column":5}},{"start":{},"end":{}}],"line":118},"12":{"loc":{"start":{"line":118,"column":8},"end":{"line":118,"column":62}},"type":"binary-expr","locations":[{"start":{"line":118,"column":8},"end":{"line":118,"column":36}},{"start":{"line":118,"column":40},"end":{"line":118,"column":62}}],"line":118},"13":{"loc":{"start":{"line":127,"column":4},"end":{"line":135,"column":5}},"type":"if","locations":[{"start":{"line":127,"column":4},"end":{"line":135,"column":5}},{"start":{},"end":{}}],"line":127},"14":{"loc":{"start":{"line":127,"column":8},"end":{"line":127,"column":64}},"type":"binary-expr","locations":[{"start":{"line":127,"column":8},"end":{"line":127,"column":37}},{"start":{"line":127,"column":41},"end":{"line":127,"column":64}}],"line":127},"15":{"loc":{"start":{"line":136,"column":4},"end":{"line":144,"column":5}},"type":"if","locations":[{"start":{"line":136,"column":4},"end":{"line":144,"column":5}},{"start":{},"end":{}}],"line":136},"16":{"loc":{"start":{"line":136,"column":8},"end":{"line":136,"column":61}},"type":"binary-expr","locations":[{"start":{"line":136,"column":8},"end":{"line":136,"column":40}},{"start":{"line":136,"column":44},"end":{"line":136,"column":61}}],"line":136},"17":{"loc":{"start":{"line":145,"column":4},"end":{"line":153,"column":5}},"type":"if","locations":[{"start":{"line":145,"column":4},"end":{"line":153,"column":5}},{"start":{},"end":{}}],"line":145},"18":{"loc":{"start":{"line":145,"column":8},"end":{"line":145,"column":69}},"type":"binary-expr","locations":[{"start":{"line":145,"column":8},"end":{"line":145,"column":44}},{"start":{"line":145,"column":48},"end":{"line":145,"column":69}}],"line":145},"19":{"loc":{"start":{"line":167,"column":21},"end":{"line":167,"column":35}},"type":"binary-expr","locations":[{"start":{"line":167,"column":21},"end":{"line":167,"column":29}},{"start":{"line":167,"column":33},"end":{"line":167,"column":35}}],"line":167},"20":{"loc":{"start":{"line":170,"column":2},"end":{"line":178,"column":3}},"type":"if","locations":[{"start":{"line":170,"column":2},"end":{"line":178,"column":3}},{"start":{},"end":{}}],"line":170},"21":{"loc":{"start":{"line":170,"column":6},"end":{"line":170,"column":48}},"type":"binary-expr","locations":[{"start":{"line":170,"column":6},"end":{"line":170,"column":13}},{"start":{"line":170,"column":17},"end":{"line":170,"column":48}}],"line":170},"22":{"loc":{"start":{"line":182,"column":2},"end":{"line":190,"column":3}},"type":"if","locations":[{"start":{"line":182,"column":2},"end":{"line":190,"column":3}},{"start":{},"end":{}}],"line":182},"23":{"loc":{"start":{"line":203,"column":2},"end":{"line":211,"column":3}},"type":"if","locations":[{"start":{"line":203,"column":2},"end":{"line":211,"column":3}},{"start":{},"end":{}}],"line":203}},"s":{"0":1,"1":1,"2":1,"3":1,"4":23,"5":17,"6":17,"7":7,"8":10,"9":1,"10":3,"11":3,"12":2,"13":6,"14":3,"15":1,"16":3,"17":3,"18":2,"19":1,"20":1,"21":10,"22":10,"23":3,"24":7,"25":2,"26":5,"27":5,"28":5,"29":5,"30":0,"31":5,"32":1,"33":4,"34":0,"35":4,"36":1,"37":3,"38":2,"39":1,"40":1,"41":1,"42":5,"43":5,"44":5,"45":3,"46":2,"47":2,"48":1,"49":1,"50":1,"51":2,"52":2,"53":1,"54":1,"55":1},"f":{"0":23,"1":17,"2":3,"3":6,"4":3,"5":10,"6":5,"7":2},"b":{"0":[7,10],"1":[17,10],"2":[2,1],"3":[2,1],"4":[10,0],"5":[3,7],"6":[10,8,8],"7":[2,5],"8":[7,6,6],"9":[0,5],"10":[5,5],"11":[1,4],"12":[5,4],"13":[0,4],"14":[4,4],"15":[1,3],"16":[4,4],"17":[2,1],"18":[3,2],"19":[5,0],"20":[3,2],"21":[5,4],"22":[1,1],"23":[1,1]},"_coverageSchema":"1a1c01bbd47fc00a2c39e90264f33305004495a9","hash":"84ada218c32afa230ea4bd073a168d53f17cefd4"}
}
