TN:
SF:src/index.js
FN:12,(anonymous_0)
FN:17,(anonymous_1)
FN:31,(anonymous_2)
FNF:3
FNH:0
FNDA:0,(anonymous_0)
FNDA:0,(anonymous_1)
FNDA:0,(anonymous_2)
DA:1,1
DA:2,1
DA:3,1
DA:5,1
DA:6,1
DA:8,1
DA:10,1
DA:12,1
DA:13,0
DA:17,1
DA:18,0
DA:19,0
DA:30,1
DA:31,0
DA:32,0
DA:36,1
LF:16
LH:11
BRDA:6,0,0,1
BRDA:6,0,1,1
BRDA:30,1,0,0
BRDA:30,1,1,1
BRF:4
BRH:3
end_of_record
TN:
SF:src/logger.js
FN:15,log
FN:31,(anonymous_1)
FN:33,(anonymous_2)
FN:35,(anonymous_3)
FN:37,(anonymous_4)
FNF:5
FNH:0
FNDA:0,log
FNDA:0,(anonymous_1)
FNDA:0,(anonymous_2)
FNDA:0,(anonymous_3)
FNDA:0,(anonymous_4)
DA:7,1
DA:17,0
DA:21,0
DA:22,0
DA:23,0
DA:25,0
DA:29,1
DA:31,0
DA:33,0
DA:35,0
DA:37,0
DA:40,1
LF:12
LH:3
BRDA:17,0,0,0
BRDA:17,0,1,0
BRDA:19,1,0,0
BRDA:19,1,1,0
BRDA:19,1,2,0
BRDA:22,2,0,0
BRDA:22,2,1,0
BRF:7
BRH:0
end_of_record
TN:
SF:src/data/orderStore.js
FN:40,(anonymous_0)
FN:44,(anonymous_1)
FN:45,(anonymous_2)
FN:48,(anonymous_3)
FN:62,(anonymous_4)
FN:63,(anonymous_5)
FN:70,(anonymous_6)
FN:71,(anonymous_7)
FN:82,(anonymous_8)
FN:83,(anonymous_9)
FN:84,(anonymous_10)
FNF:11
FNH:11
FNDA:3,(anonymous_0)
FNDA:3,(anonymous_1)
FNDA:7,(anonymous_2)
FNDA:1,(anonymous_3)
FNDA:2,(anonymous_4)
FNDA:5,(anonymous_5)
FNDA:2,(anonymous_6)
FNDA:4,(anonymous_7)
FNDA:30,(anonymous_8)
FNDA:90,(anonymous_9)
FNDA:90,(anonymous_10)
DA:7,1
DA:9,1
DA:39,1
DA:41,3
DA:45,7
DA:49,1
DA:50,1
DA:58,1
DA:59,1
DA:63,5
DA:64,2
DA:65,1
DA:66,1
DA:67,1
DA:71,4
DA:72,2
DA:73,1
DA:74,1
DA:83,90
DA:84,90
LF:20
LH:20
BRDA:45,0,0,3
BRDA:45,0,1,2
BRDA:64,1,0,1
BRDA:64,1,1,1
BRDA:72,2,0,1
BRDA:72,2,1,1
BRF:6
BRH:6
end_of_record
TN:
SF:src/routes/orders.js
FN:17,problemResponse
FN:28,validateId
FN:47,(anonymous_2)
FN:51,(anonymous_3)
FN:62,(anonymous_4)
FN:84,(anonymous_5)
FN:166,(anonymous_6)
FN:200,(anonymous_7)
FNF:8
FNH:8
FNDA:23,problemResponse
FNDA:17,validateId
FNDA:3,(anonymous_2)
FNDA:6,(anonymous_3)
FNDA:3,(anonymous_4)
FNDA:10,(anonymous_5)
FNDA:5,(anonymous_6)
FNDA:2,(anonymous_7)
DA:1,1
DA:2,1
DA:3,1
DA:6,1
DA:18,23
DA:29,17
DA:30,17
DA:31,7
DA:39,10
DA:47,1
DA:48,3
DA:50,3
DA:51,6
DA:54,3
DA:62,1
DA:63,3
DA:65,3
DA:66,2
DA:75,1
DA:84,1
DA:85,10
DA:87,10
DA:88,3
DA:97,7
DA:98,2
DA:107,5
DA:108,5
DA:109,5
DA:110,0
DA:118,5
DA:119,1
DA:127,4
DA:128,0
DA:136,4
DA:137,1
DA:145,3
DA:146,2
DA:156,1
DA:157,1
DA:166,1
DA:167,5
DA:168,5
DA:170,5
DA:171,3
DA:180,2
DA:182,2
DA:183,1
DA:192,1
DA:200,1
DA:201,2
DA:203,2
DA:204,1
DA:213,1
DA:216,1
LF:54
LH:52
BRDA:30,0,0,7
BRDA:30,0,1,10
BRDA:30,1,0,17
BRDA:30,1,1,10
BRDA:50,2,0,2
BRDA:50,2,1,1
BRDA:65,3,0,2
BRDA:65,3,1,1
BRDA:85,4,0,10
BRDA:85,4,1,0
BRDA:87,5,0,3
BRDA:87,5,1,7
BRDA:87,6,0,10
BRDA:87,6,1,8
BRDA:87,6,2,8
BRDA:97,7,0,2
BRDA:97,7,1,5
BRDA:97,8,0,7
BRDA:97,8,1,6
BRDA:97,8,2,6
BRDA:109,9,0,0
BRDA:109,9,1,5
BRDA:109,10,0,5
BRDA:109,10,1,5
BRDA:118,11,0,1
BRDA:118,11,1,4
BRDA:118,12,0,5
BRDA:118,12,1,4
BRDA:127,13,0,0
BRDA:127,13,1,4
BRDA:127,14,0,4
BRDA:127,14,1,4
BRDA:136,15,0,1
BRDA:136,15,1,3
BRDA:136,16,0,4
BRDA:136,16,1,4
BRDA:145,17,0,2
BRDA:145,17,1,1
BRDA:145,18,0,3
BRDA:145,18,1,2
BRDA:167,19,0,5
BRDA:167,19,1,0
BRDA:170,20,0,3
BRDA:170,20,1,2
BRDA:170,21,0,5
BRDA:170,21,1,4
BRDA:182,22,0,1
BRDA:182,22,1,1
BRDA:203,23,0,1
BRDA:203,23,1,1
BRF:50
BRH:46
end_of_record
